  Background.cpp
  EnemyHandler.cpp
D:\s5623772\Tapper\Tapper\EnemyHandler.h(32): warning C4267: 'return': conversion from 'size_t' to 'int', possible loss of data
  Engine.cpp
  EventController.cpp
  GameObject.cpp
  Glass.cpp
  Patron.cpp
  Player.cpp
  ProjectileHandler.cpp
D:\s5623772\Tapper\Tapper\ProjectileHandler.h(33): warning C4267: 'return': conversion from 'size_t' to 'int', possible loss of data
  Text.cpp
  main.cpp
D:\s5623772\Tapper\Tapper\ProjectileHandler.h(33): warning C4267: 'return': conversion from 'size_t' to 'int', possible loss of data
D:\s5623772\Tapper\Tapper\EnemyHandler.h(32): warning C4267: 'return': conversion from 'size_t' to 'int', possible loss of data
D:\s5623772\Tapper\Tapper\main.cpp(19,12): warning C4244: 'argument': conversion from 'time_t' to 'unsigned int', possible loss of data
D:\s5623772\Tapper\Tapper\main.cpp(92,25): warning C4244: 'argument': conversion from 'float' to 'Uint32', possible loss of data
D:\s5623772\Tapper\Tapper\main.cpp(331,25): warning C4244: 'argument': conversion from 'float' to 'Uint32', possible loss of data
  Generating Code...
  Tapper.vcxproj -> D:\s5623772\Tapper\x64\Debug\Tapper.exe
